<?xml version="1.0" encoding="UTF-8"?>
<!-- Generated by org.testng.reporters.JUnitReportReporter -->
<testsuite hostname="admin-1" failures="0" tests="5" name="com.bridgelabz.seleniumpractice.concept.TestEbay" time="42.181" errors="0" timestamp="2020-01-20T16:46:11 IST" skipped="0">
  <testcase classname="com.bridgelabz.seleniumpractice.concept.TestEbay" name="TestRegEbay" time="5.539"/>
  <testcase classname="com.bridgelabz.seleniumpractice.concept.TestEbay" name="TestRegEbay" time="19.937"/>
  <testcase classname="com.bridgelabz.seleniumpractice.concept.TestEbay" name="TestRegEbay" time="5.561"/>
  <testcase classname="com.bridgelabz.seleniumpractice.concept.TestEbay" name="TestRegEbay" time="5.573"/>
  <testcase classname="com.bridgelabz.seleniumpractice.concept.TestEbay" name="TestRegEbay" time="5.571"/>
</testsuite> <!-- com.bridgelabz.seleniumpractice.concept.TestEbay -->
