<?xml version="1.0" encoding="UTF-8"?>
<!-- Generated by org.testng.reporters.JUnitReportReporter -->
<testsuite hostname="admin-1" failures="0" tests="1" name="com.bridgelabz.seleniumpractice.concept.TestClass" time="3.439" errors="0" timestamp="2020-01-23T09:14:13 IST" skipped="0">
  <testcase classname="com.bridgelabz.seleniumpractice.concept.TestClass" name="testLogin" time="3.439"/>
</testsuite> <!-- com.bridgelabz.seleniumpractice.concept.TestClass -->
